0 info it worked if it ends with ok
1 verbose cli [ '/Users/jessedegger/.nvm/versions/node/v6.9.5/bin/node',
1 verbose cli   '/Users/jessedegger/.nvm/versions/node/v6.9.5/bin/npm',
1 verbose cli   'start' ]
2 info using npm@3.10.10
3 info using node@v6.9.5
4 verbose run-script [ 'prestart', 'start', 'poststart' ]
5 info lifecycle artiz-website@0.1.0~prestart: artiz-website@0.1.0
6 silly lifecycle artiz-website@0.1.0~prestart: no script for prestart, continuing
7 info lifecycle artiz-website@0.1.0~start: artiz-website@0.1.0
8 verbose lifecycle artiz-website@0.1.0~start: unsafe-perm in lifecycle true
9 verbose lifecycle artiz-website@0.1.0~start: PATH: /Users/jessedegger/.nvm/versions/node/v6.9.5/lib/node_modules/npm/bin/node-gyp-bin:/Users/jessedegger/Documents/projects/artiz-ioV2/node_modules/.bin:/usr/local/opt/imagemagick@6/bin:/Users/jessedegger/google-cloud-sdk/bin:/Users/jessedegger/.nvm/versions/node/v6.9.5/bin:/Library/Frameworks/Python.framework/Versions/3.5/bin:/usr/local/bin:/usr/bin:/bin:/usr/sbin:/sbin:/Users/jessedegger/Documents/bin:/opt/X11/bin:/usr/local/share/dotnet:/usr/local/MacGPG2/bin:/Library/Frameworks/Mono.framework/Versions/Current/Commands
10 verbose lifecycle artiz-website@0.1.0~start: CWD: /Users/jessedegger/Documents/projects/artiz-ioV2
11 silly lifecycle artiz-website@0.1.0~start: Args: [ '-c', 'node ./api/index.js' ]
12 silly lifecycle artiz-website@0.1.0~start: Returned: code: 1  signal: null
13 info lifecycle artiz-website@0.1.0~start: Failed to exec start script
14 verbose stack Error: artiz-website@0.1.0 start: `node ./api/index.js`
14 verbose stack Exit status 1
14 verbose stack     at EventEmitter.<anonymous> (/Users/jessedegger/.nvm/versions/node/v6.9.5/lib/node_modules/npm/lib/utils/lifecycle.js:255:16)
14 verbose stack     at emitTwo (events.js:106:13)
14 verbose stack     at EventEmitter.emit (events.js:191:7)
14 verbose stack     at ChildProcess.<anonymous> (/Users/jessedegger/.nvm/versions/node/v6.9.5/lib/node_modules/npm/lib/utils/spawn.js:40:14)
14 verbose stack     at emitTwo (events.js:106:13)
14 verbose stack     at ChildProcess.emit (events.js:191:7)
14 verbose stack     at maybeClose (internal/child_process.js:877:16)
14 verbose stack     at Process.ChildProcess._handle.onexit (internal/child_process.js:226:5)
15 verbose pkgid artiz-website@0.1.0
16 verbose cwd /Users/jessedegger/Documents/projects/artiz-ioV2
17 error Darwin 16.7.0
18 error argv "/Users/jessedegger/.nvm/versions/node/v6.9.5/bin/node" "/Users/jessedegger/.nvm/versions/node/v6.9.5/bin/npm" "start"
19 error node v6.9.5
20 error npm  v3.10.10
21 error code ELIFECYCLE
22 error artiz-website@0.1.0 start: `node ./api/index.js`
22 error Exit status 1
23 error Failed at the artiz-website@0.1.0 start script 'node ./api/index.js'.
23 error Make sure you have the latest version of node.js and npm installed.
23 error If you do, this is most likely a problem with the artiz-website package,
23 error not with npm itself.
23 error Tell the author that this fails on your system:
23 error     node ./api/index.js
23 error You can get information on how to open an issue for this project with:
23 error     npm bugs artiz-website
23 error Or if that isn't available, you can get their info via:
23 error     npm owner ls artiz-website
23 error There is likely additional logging output above.
24 verbose exit [ 1, true ]
